Using pre-set license
Built from '2020.2/staging' branch; Version is '2020.2.6f1 (8a2143876886) revision 9052483'; Using compiler version '192528614'; Build Type 'Release'
OS: 'Windows 10 Home Single Language; OS build 18363.1440; Version 1909; 64bit' Language: 'en' Physical Memory: 8060 MB
BatchMode: 1, IsHumanControllingUs: 0, StartBugReporterOnCrash: 0, Is64bit: 1, IsPro: 0

 COMMAND LINE ARGUMENTS:
C:\Program Files\Unity\Hub\Editor\2020.2.6f1\Editor\Unity.exe
-adb2
-batchMode
-noUpm
-name
AssetImportWorker0
-projectPath
D:/Mars Game/Mars Gaame
-logFile
Logs/AssetImportWorker0.log
-srvPort
60372
Successfully changed project path to: D:/Mars Game/Mars Gaame
D:/Mars Game/Mars Gaame
Using Asset Import Pipeline V2.
Refreshing native plugins compatible for Editor in 29.52 ms, found 0 plugins.
Preloading 0 native plugins for Editor in 0.00 ms.
Initialize engine version: 2020.2.6f1 (8a2143876886)
[Subsystems] Discovering subsystems at path C:/Program Files/Unity/Hub/Editor/2020.2.6f1/Editor/Data/Resources/UnitySubsystems
[Subsystems] Discovering subsystems at path D:/Mars Game/Mars Gaame/Assets
GfxDevice: creating device client; threaded=0
Direct3D:
    Version:  Direct3D 11.0 [level 11.1]
    Renderer: NVIDIA GeForce GTX 1650 (ID=0x1f99)
    Vendor:   
    VRAM:     3962 MB
    Driver:   27.21.14.5256
Initialize mono
Mono path[0] = 'C:/Program Files/Unity/Hub/Editor/2020.2.6f1/Editor/Data/Managed'
Mono path[1] = 'C:/Program Files/Unity/Hub/Editor/2020.2.6f1/Editor/Data/MonoBleedingEdge/lib/mono/unityjit'
Mono config path = 'C:/Program Files/Unity/Hub/Editor/2020.2.6f1/Editor/Data/MonoBleedingEdge/etc'
Using monoOptions --debugger-agent=transport=dt_socket,embedding=1,server=y,suspend=n,address=127.0.0.1:56192
Begin MonoManager ReloadAssembly
Registering precompiled unity dll's ...
Register platform support module: C:/Program Files/Unity/Hub/Editor/2020.2.6f1/Editor/Data/PlaybackEngines/WindowsStandaloneSupport/UnityEditor.WindowsStandalone.Extensions.dll
Registered in 0.001903 seconds.
Native extension for WindowsStandalone target not found
Refreshing native plugins compatible for Editor in 28.38 ms, found 0 plugins.
Preloading 0 native plugins for Editor in 0.00 ms.
Invoked RoslynAnalysisRunner static constructor.
RoslynAnalysisRunner will not be running.
RoslynAnalysisRunner has terminated.
Mono: successfully reloaded assembly
- Completed reload, in  1.785 seconds
Platform modules already initialized, skipping
Registering precompiled user dll's ...
Registered in 0.000628 seconds.
Begin MonoManager ReloadAssembly
Native extension for WindowsStandalone target not found
Refreshing native plugins compatible for Editor in 0.30 ms, found 0 plugins.
Preloading 0 native plugins for Editor in 0.00 ms.
Invoked RoslynAnalysisRunner static constructor.
RoslynAnalysisRunner will not be running.
RoslynAnalysisRunner has terminated.
Mono: successfully reloaded assembly
- Completed reload, in  0.725 seconds
Platform modules already initialized, skipping
========================================================================
Worker process is ready to serve import requests
Launched and connected shader compiler UnityShaderCompiler.exe after 0.03 seconds
Refreshing native plugins compatible for Editor in 0.31 ms, found 0 plugins.
Preloading 0 native plugins for Editor in 0.00 ms.
Unloading 1290 Unused Serialized files (Serialized files now loaded: 0)
System memory in use before: 86.1 MB.
System memory in use after: 85.8 MB.

Unloading 11 unused Assets to reduce memory usage. Loaded Objects now: 1759.
Total: 2.506600 ms (FindLiveObjects: 0.181900 ms CreateObjectMapping: 0.087300 ms MarkObjects: 1.890400 ms  DeleteObjects: 0.326600 ms)

========================================================================
Received Import Request.
  path: Assets/Animation/DoorRight.anim
  artifactKey: Guid(e5b6cca5d31c2d245b34e6490c298641) Importer(815301076,1909f56bfc062723c751e8b465ee728b)
Start importing Assets/Animation/DoorRight.anim using Guid(e5b6cca5d31c2d245b34e6490c298641) Importer(815301076,1909f56bfc062723c751e8b465ee728b)  -> (artifact id: 'a9338b4fb74a19d71faf59938a61996d') in 0.031141 seconds
  Import took 0.033201 seconds .

========================================================================
Received Import Request.
  Time since last request: 0.000311 seconds.
  path: Assets/Animation/InDoor.controller
  artifactKey: Guid(65619aab154587641b478ec5230ea5d5) Importer(815301076,1909f56bfc062723c751e8b465ee728b)
Start importing Assets/Animation/InDoor.controller using Guid(65619aab154587641b478ec5230ea5d5) Importer(815301076,1909f56bfc062723c751e8b465ee728b)  -> (artifact id: '0b92417968fdd8eb25807aab5489123b') in 0.010542 seconds
  Import took 0.012591 seconds .

========================================================================
Received Import Request.
  Time since last request: 8.751121 seconds.
  path: Assets/Animation/DoorLeft.anim
  artifactKey: Guid(06bda4e9b49128a40b6a89a35cc83654) Importer(815301076,1909f56bfc062723c751e8b465ee728b)
Start importing Assets/Animation/DoorLeft.anim using Guid(06bda4e9b49128a40b6a89a35cc83654) Importer(815301076,1909f56bfc062723c751e8b465ee728b)  -> (artifact id: '491519a526bb6c2f726f8cb5e8c7ca22') in 0.008991 seconds
  Import took 0.011879 seconds .

========================================================================
Received Import Request.
  Time since last request: 0.396356 seconds.
  path: Assets/Animation/DoorAnimationIn.anim
  artifactKey: Guid(c4fc8dbae8fb8da468dd332c014cf4a5) Importer(815301076,1909f56bfc062723c751e8b465ee728b)
Start importing Assets/Animation/DoorAnimationIn.anim using Guid(c4fc8dbae8fb8da468dd332c014cf4a5) Importer(815301076,1909f56bfc062723c751e8b465ee728b)  -> (artifact id: '887420a521b304faefdedf8c13080511') in 0.008061 seconds
  Import took 0.011754 seconds .

========================================================================
Received Import Request.
  Time since last request: 0.001618 seconds.
  path: Assets/Animation/DoorAnimationIn.anim
  artifactKey: Guid(c4fc8dbae8fb8da468dd332c014cf4a5) Importer(815301076,1909f56bfc062723c751e8b465ee728b)
Start importing Assets/Animation/DoorAnimationIn.anim using Guid(c4fc8dbae8fb8da468dd332c014cf4a5) Importer(815301076,1909f56bfc062723c751e8b465ee728b)  -> (artifact id: '887420a521b304faefdedf8c13080511') in 0.003559 seconds
  Import took 0.007530 seconds .

========================================================================
Received Import Request.
  Time since last request: 161.163106 seconds.
  path: Assets/Scenes/Anish/Anish.unity
  artifactKey: Guid(0061b63f7ef9ca746bf9cbb8fdb99c94) Importer(815301076,1909f56bfc062723c751e8b465ee728b)
Start importing Assets/Scenes/Anish/Anish.unity using Guid(0061b63f7ef9ca746bf9cbb8fdb99c94) Importer(815301076,1909f56bfc062723c751e8b465ee728b)  -> (artifact id: 'c64d3ffdc3eee097bc63725cf83e205e') in 0.010431 seconds
  Import took 0.012359 seconds .

========================================================================
Received Prepare
Refreshing native plugins compatible for Editor in 0.77 ms, found 0 plugins.
Preloading 0 native plugins for Editor in 0.00 ms.
Unloading 4 Unused Serialized files (Serialized files now loaded: 0)
System memory in use before: 58.5 MB.
System memory in use after: 58.3 MB.

Unloading 4 unused Assets to reduce memory usage. Loaded Objects now: 1759.
Total: 2.623900 ms (FindLiveObjects: 0.160500 ms CreateObjectMapping: 0.049500 ms MarkObjects: 2.043900 ms  DeleteObjects: 0.368400 ms)

========================================================================
Received Prepare
Registering precompiled user dll's ...
Registered in 0.053420 seconds.
Begin MonoManager ReloadAssembly
Native extension for WindowsStandalone target not found
Refreshing native plugins compatible for Editor in 0.31 ms, found 0 plugins.
Preloading 0 native plugins for Editor in 0.00 ms.
Invoked RoslynAnalysisRunner static constructor.
RoslynAnalysisRunner will not be running.
RoslynAnalysisRunner has terminated.
Mono: successfully reloaded assembly
- Completed reload, in  4.224 seconds
Platform modules already initialized, skipping
Refreshing native plugins compatible for Editor in 0.32 ms, found 0 plugins.
Preloading 0 native plugins for Editor in 0.00 ms.
Unloading 1252 Unused Serialized files (Serialized files now loaded: 0)
System memory in use before: 83.4 MB.
System memory in use after: 83.1 MB.

Unloading 6 unused Assets to reduce memory usage. Loaded Objects now: 1761.
Total: 1.946600 ms (FindLiveObjects: 0.185400 ms CreateObjectMapping: 0.050700 ms MarkObjects: 1.424600 ms  DeleteObjects: 0.284700 ms)

========================================================================
Received Import Request.
  Time since last request: 333.632372 seconds.
  path: Assets/SampleScenes/Prefabs
  artifactKey: Guid(139086bdd1c7fd84b81df0968a55ce2d) Importer(815301076,1909f56bfc062723c751e8b465ee728b)
Start importing Assets/SampleScenes/Prefabs using Guid(139086bdd1c7fd84b81df0968a55ce2d) Importer(815301076,1909f56bfc062723c751e8b465ee728b)  -> (artifact id: '5080d21bf5c1e43443bb1b60348095ec') in 0.008793 seconds
  Import took 0.313928 seconds .

========================================================================
Received Import Request.
  Time since last request: 0.000321 seconds.
  path: Assets/SampleScenes/Prefabs/Box.prefab
  artifactKey: Guid(d29ba28bd5caaed429838de8bac7be72) Importer(815301076,1909f56bfc062723c751e8b465ee728b)
Start importing Assets/SampleScenes/Prefabs/Box.prefab using Guid(d29ba28bd5caaed429838de8bac7be72) Importer(815301076,1909f56bfc062723c751e8b465ee728b)  -> (artifact id: '9d73226dcac2e04de2416f65957a3db4') in 0.343610 seconds
  Import took 0.360207 seconds .

========================================================================
Received Import Request.
  Time since last request: 0.000243 seconds.
  path: Assets/SampleScenes/Prefabs/Wall.prefab
  artifactKey: Guid(fef5fcb209dce49409117a24775dfcb3) Importer(815301076,1909f56bfc062723c751e8b465ee728b)
Start importing Assets/SampleScenes/Prefabs/Wall.prefab using Guid(fef5fcb209dce49409117a24775dfcb3) Importer(815301076,1909f56bfc062723c751e8b465ee728b)  -> (artifact id: '7071a24ada9a7948a2b5e6f44b713541') in 0.118675 seconds
  Import took 0.167994 seconds .

========================================================================
Received Import Request.
  Time since last request: 0.000326 seconds.
  path: Assets/SampleScenes/Prefabs/GoalPosts.prefab
  artifactKey: Guid(6df3f650b33fa604cb3f5923fa50d053) Importer(815301076,1909f56bfc062723c751e8b465ee728b)
Start importing Assets/SampleScenes/Prefabs/GoalPosts.prefab using Guid(6df3f650b33fa604cb3f5923fa50d053) Importer(815301076,1909f56bfc062723c751e8b465ee728b)  -> (artifact id: '1c402127a8097e4300631179146136d4') in 0.189789 seconds
  Import took 0.222058 seconds .

========================================================================
Received Import Request.
  Time since last request: 0.000246 seconds.
  path: Assets/SampleScenes/Prefabs/GroundTrack.prefab
  artifactKey: Guid(f7afdcb1eabdee54790f55f84e3e4ac8) Importer(815301076,1909f56bfc062723c751e8b465ee728b)
Start importing Assets/SampleScenes/Prefabs/GroundTrack.prefab using Guid(f7afdcb1eabdee54790f55f84e3e4ac8) Importer(815301076,1909f56bfc062723c751e8b465ee728b)  -> (artifact id: 'af02c730624c1070f20ff699c0087023') in 0.307351 seconds
  Import took 0.329169 seconds .

========================================================================
Received Import Request.
  Time since last request: 0.000254 seconds.
  path: Assets/SampleScenes/Prefabs/Loop.prefab
  artifactKey: Guid(a2dd655bfef0f0849a2c33d8fb4a029c) Importer(815301076,1909f56bfc062723c751e8b465ee728b)
Start importing Assets/SampleScenes/Prefabs/Loop.prefab using Guid(a2dd655bfef0f0849a2c33d8fb4a029c) Importer(815301076,1909f56bfc062723c751e8b465ee728b)  -> (artifact id: '06ceed202adf34071608bdd94483c392') in 0.089286 seconds
  Import took 0.131338 seconds .

========================================================================
Received Import Request.
  Time since last request: 0.000249 seconds.
  path: Assets/SampleScenes/Prefabs/Pillar.prefab
  artifactKey: Guid(d23a205aa0ed1234ba0a327f1232ff7e) Importer(815301076,1909f56bfc062723c751e8b465ee728b)
Start importing Assets/SampleScenes/Prefabs/Pillar.prefab using Guid(d23a205aa0ed1234ba0a327f1232ff7e) Importer(815301076,1909f56bfc062723c751e8b465ee728b)  -> (artifact id: 'c506d1fc9800a43ca6b2b1fd3c506bfb') in 0.085713 seconds
  Import took 0.132580 seconds .

========================================================================
Received Import Request.
  Time since last request: 0.000244 seconds.
  path: Assets/SampleScenes/Prefabs/SmashBoxes.prefab
  artifactKey: Guid(b592d2faa93e6ad46a6d520adf8f123e) Importer(815301076,1909f56bfc062723c751e8b465ee728b)
Start importing Assets/SampleScenes/Prefabs/SmashBoxes.prefab using Guid(b592d2faa93e6ad46a6d520adf8f123e) Importer(815301076,1909f56bfc062723c751e8b465ee728b)  -> (artifact id: '4db4d00ab669765fb83077347ab4fbbc') in 0.085821 seconds
  Import took 0.100388 seconds .

========================================================================
Received Import Request.
  Time since last request: 0.000250 seconds.
  path: Assets/SampleScenes/Prefabs/CameraSwitchUI.prefab
  artifactKey: Guid(b3495d363d7ccba40bc3e92c1a184e28) Importer(815301076,1909f56bfc062723c751e8b465ee728b)
Start importing Assets/SampleScenes/Prefabs/CameraSwitchUI.prefab using Guid(b3495d363d7ccba40bc3e92c1a184e28) Importer(815301076,1909f56bfc062723c751e8b465ee728b)  -> (artifact id: '32cefa404d0c0de795ffe08c2d0cb550') in 0.042187 seconds
  Import took 0.070773 seconds .

========================================================================
Received Import Request.
  Time since last request: 0.000268 seconds.
  path: Assets/SampleScenes/Prefabs/ResetterUI.prefab
  artifactKey: Guid(28e490010bed5ea47a8a69e81bdd0c1c) Importer(815301076,1909f56bfc062723c751e8b465ee728b)
Start importing Assets/SampleScenes/Prefabs/ResetterUI.prefab using Guid(28e490010bed5ea47a8a69e81bdd0c1c) Importer(815301076,1909f56bfc062723c751e8b465ee728b)  -> (artifact id: 'ff35d0ba37e4900f9f85b2b0104b6320') in 0.009263 seconds
  Import took 0.013871 seconds .

========================================================================
Received Import Request.
  Time since last request: 0.000273 seconds.
  path: Assets/SampleScenes/Prefabs/MobileShaderReplacements.prefab
  artifactKey: Guid(76d89ae3180ce424ba0da8fc43e02035) Importer(815301076,1909f56bfc062723c751e8b465ee728b)
Start importing Assets/SampleScenes/Prefabs/MobileShaderReplacements.prefab using Guid(76d89ae3180ce424ba0da8fc43e02035) Importer(815301076,1909f56bfc062723c751e8b465ee728b)  -> (artifact id: '4915b483fc7657668b36daffd57144c1') in 0.010057 seconds
  Import took 0.012603 seconds .

========================================================================
Received Import Request.
  Time since last request: 0.000235 seconds.
  path: Assets/SampleScenes/Prefabs/House.prefab
  artifactKey: Guid(cd3018213230a5c49a0e0f4609a10b9d) Importer(815301076,1909f56bfc062723c751e8b465ee728b)
Start importing Assets/SampleScenes/Prefabs/House.prefab using Guid(cd3018213230a5c49a0e0f4609a10b9d) Importer(815301076,1909f56bfc062723c751e8b465ee728b)  -> (artifact id: 'a1836a804907d2c0c029ad98569a60ff') in 0.047348 seconds
  Import took 0.061608 seconds .

========================================================================
Received Import Request.
  Time since last request: 0.000267 seconds.
  path: Assets/SampleScenes/Prefabs/LevelResetUI.prefab
  artifactKey: Guid(d2aaa8a2832d77144aa84d5d309ae2b3) Importer(815301076,1909f56bfc062723c751e8b465ee728b)
Start importing Assets/SampleScenes/Prefabs/LevelResetUI.prefab using Guid(d2aaa8a2832d77144aa84d5d309ae2b3) Importer(815301076,1909f56bfc062723c751e8b465ee728b)  -> (artifact id: '8a4764c0d75cf94344c2b0ae1b010e30') in 0.022829 seconds
  Import took 0.046995 seconds .

========================================================================
Received Import Request.
  Time since last request: 0.000237 seconds.
  path: Assets/SampleScenes/Prefabs/Ring.prefab
  artifactKey: Guid(e9aa4b7def958e54bad9089e96b5a063) Importer(815301076,1909f56bfc062723c751e8b465ee728b)
Start importing Assets/SampleScenes/Prefabs/Ring.prefab using Guid(e9aa4b7def958e54bad9089e96b5a063) Importer(815301076,1909f56bfc062723c751e8b465ee728b)  -> (artifact id: '8ed72d64e622cfed158d0f12ce8e5870') in 0.030414 seconds
  Import took 0.088687 seconds .

========================================================================
Received Import Request.
  Time since last request: 0.000209 seconds.
  path: Assets/SampleScenes/Prefabs/GroundArena.prefab
  artifactKey: Guid(2799e6cfaf283a84e883ca79ffce608e) Importer(815301076,1909f56bfc062723c751e8b465ee728b)
Start importing Assets/SampleScenes/Prefabs/GroundArena.prefab using Guid(2799e6cfaf283a84e883ca79ffce608e) Importer(815301076,1909f56bfc062723c751e8b465ee728b)  -> (artifact id: '545f9634c3373bd2e24ec32084f5fdbb') in 0.044659 seconds
  Import took 0.058121 seconds .

========================================================================
Received Import Request.
  Time since last request: 0.000260 seconds.
  path: Assets/SampleScenes/Prefabs/BoxSmall.prefab
  artifactKey: Guid(75c27bf47f501a74fa5723911612c226) Importer(815301076,1909f56bfc062723c751e8b465ee728b)
Start importing Assets/SampleScenes/Prefabs/BoxSmall.prefab using Guid(75c27bf47f501a74fa5723911612c226) Importer(815301076,1909f56bfc062723c751e8b465ee728b)  -> (artifact id: '17ab4b06cf8cc92b2b145977059dd634') in 0.015153 seconds
  Import took 0.049116 seconds .

========================================================================
Received Import Request.
  Time since last request: 0.000252 seconds.
  path: Assets/SampleScenes/Prefabs/BoxPile.prefab
  artifactKey: Guid(ff3366103894bec429eeaa9b86b595e6) Importer(815301076,1909f56bfc062723c751e8b465ee728b)
Start importing Assets/SampleScenes/Prefabs/BoxPile.prefab using Guid(ff3366103894bec429eeaa9b86b595e6) Importer(815301076,1909f56bfc062723c751e8b465ee728b)  -> (artifact id: 'a52a80281b4d3514b46af50c0e41628e') in 0.015301 seconds
  Import took 0.042873 seconds .

========================================================================
Received Import Request.
  Time since last request: 0.000251 seconds.
  path: Assets/SampleScenes/Prefabs/GroundObstacles.prefab
  artifactKey: Guid(95bbe2885334e3c46b79c3419edb469c) Importer(815301076,1909f56bfc062723c751e8b465ee728b)
Start importing Assets/SampleScenes/Prefabs/GroundObstacles.prefab using Guid(95bbe2885334e3c46b79c3419edb469c) Importer(815301076,1909f56bfc062723c751e8b465ee728b)  -> (artifact id: '095ec051efd1ab38fc919939f9cd1e82') in 0.019380 seconds
  Import took 0.081612 seconds .

========================================================================
Received Import Request.
  Time since last request: 0.000273 seconds.
  path: Assets/SampleScenes/Prefabs/CameraSwitch.prefab
  artifactKey: Guid(fdc378243b95c2144aa66bfc382d1b75) Importer(815301076,1909f56bfc062723c751e8b465ee728b)
Start importing Assets/SampleScenes/Prefabs/CameraSwitch.prefab using Guid(fdc378243b95c2144aa66bfc382d1b75) Importer(815301076,1909f56bfc062723c751e8b465ee728b)  -> (artifact id: '0df6da108000441ae2813b17c75e3ee8') in 0.035420 seconds
  Import took 0.072839 seconds .

========================================================================
Received Import Request.
  Time since last request: 0.000251 seconds.
  path: Assets/SampleScenes/Prefabs/GroundRunway.prefab
  artifactKey: Guid(00690c0e075198740bd736a4731c7a90) Importer(815301076,1909f56bfc062723c751e8b465ee728b)
Start importing Assets/SampleScenes/Prefabs/GroundRunway.prefab using Guid(00690c0e075198740bd736a4731c7a90) Importer(815301076,1909f56bfc062723c751e8b465ee728b)  -> (artifact id: '837273169f43bc728726d21de243121d') in 0.054637 seconds
  Import took 0.115949 seconds .

========================================================================
Received Import Request.
  Time since last request: 0.000309 seconds.
  path: Assets/SampleScenes/Prefabs/Pickup.prefab
  artifactKey: Guid(2ed830309d1c9f640a65bf22d9060af1) Importer(815301076,1909f56bfc062723c751e8b465ee728b)
Start importing Assets/SampleScenes/Prefabs/Pickup.prefab using Guid(2ed830309d1c9f640a65bf22d9060af1) Importer(815301076,1909f56bfc062723c751e8b465ee728b)  -> (artifact id: '3a3304b9c54f1fd5c42c14791268f92d') in 0.042670 seconds
  Import took 0.080373 seconds .

========================================================================
Received Import Request.
  Time since last request: 0.000238 seconds.
  path: Assets/SampleScenes/Prefabs/Sea.prefab
  artifactKey: Guid(92718a1040bbb9a4ab571265d9087f2b) Importer(815301076,1909f56bfc062723c751e8b465ee728b)
Start importing Assets/SampleScenes/Prefabs/Sea.prefab using Guid(92718a1040bbb9a4ab571265d9087f2b) Importer(815301076,1909f56bfc062723c751e8b465ee728b)  -> (artifact id: 'd7db65ff08c1992aa4b00e4ae23c7785') in 0.007555 seconds
  Import took 0.018744 seconds .

========================================================================
Received Import Request.
  Time since last request: 6.317948 seconds.
  path: Assets/SampleScenes/Textures/SwatchMauveAlbedo.png
  artifactKey: Guid(27c9d88e434ddf14aab2263729d96588) Importer(815301076,1909f56bfc062723c751e8b465ee728b)
Start importing Assets/SampleScenes/Textures/SwatchMauveAlbedo.png using Guid(27c9d88e434ddf14aab2263729d96588) Importer(815301076,1909f56bfc062723c751e8b465ee728b)  -> (artifact id: '01f27cea1154ffc6e71f0205bda8dfda') in 0.125724 seconds
  Import took 0.140765 seconds .

========================================================================
Received Import Request.
  Time since last request: 0.000252 seconds.
  path: Assets/SampleScenes/Textures/SwatchOrangeAlbedo.png
  artifactKey: Guid(1b0dbc8d052d0ee45a5fa08650d0bf16) Importer(815301076,1909f56bfc062723c751e8b465ee728b)
Start importing Assets/SampleScenes/Textures/SwatchOrangeAlbedo.png using Guid(1b0dbc8d052d0ee45a5fa08650d0bf16) Importer(815301076,1909f56bfc062723c751e8b465ee728b)  -> (artifact id: '81debce5d77da08276fbbe5454f8ec7b') in 0.097161 seconds
  Import took 0.136210 seconds .

========================================================================
Received Import Request.
  Time since last request: 0.000167 seconds.
  path: Assets/SampleScenes/Textures/SwatchNavyAlbedo.png
  artifactKey: Guid(ee5f9bf88befa4e4eb6ac1d74dae4051) Importer(815301076,1909f56bfc062723c751e8b465ee728b)
Start importing Assets/SampleScenes/Textures/SwatchNavyAlbedo.png using Guid(ee5f9bf88befa4e4eb6ac1d74dae4051) Importer(815301076,1909f56bfc062723c751e8b465ee728b)  -> (artifact id: '27438d8ebbb6c42fb1ef27476fc5c5fd') in 0.016824 seconds
  Import took 0.018956 seconds .

========================================================================
Received Import Request.
  Time since last request: 0.000373 seconds.
  path: Assets/SampleScenes/Textures/SwatchTealAlbedo.png
  artifactKey: Guid(55aa8af457d5bdb419c375b143edb6a5) Importer(815301076,1909f56bfc062723c751e8b465ee728b)
Start importing Assets/SampleScenes/Textures/SwatchTealAlbedo.png using Guid(55aa8af457d5bdb419c375b143edb6a5) Importer(815301076,1909f56bfc062723c751e8b465ee728b)  -> (artifact id: '7ed8d2987414cd232ec10bb800d0dbe9') in 0.070772 seconds
  Import took 0.081441 seconds .

========================================================================
Received Import Request.
  Time since last request: 0.000232 seconds.
  path: Assets/SampleScenes/Textures/SwatchNavyAlbedo.png
  artifactKey: Guid(ee5f9bf88befa4e4eb6ac1d74dae4051) Importer(815301076,1909f56bfc062723c751e8b465ee728b)
Start importing Assets/SampleScenes/Textures/SwatchNavyAlbedo.png using Guid(ee5f9bf88befa4e4eb6ac1d74dae4051) Importer(815301076,1909f56bfc062723c751e8b465ee728b)  -> (artifact id: '27438d8ebbb6c42fb1ef27476fc5c5fd') in 0.034240 seconds
  Import took 0.036409 seconds .

========================================================================
Received Import Request.
  Time since last request: 0.000268 seconds.
  path: Assets/SampleScenes/Textures/SwatchTurquoiseAlbedo.png
  artifactKey: Guid(aeef8d0d4008dcd4eb547dcb8b92a9c8) Importer(815301076,1909f56bfc062723c751e8b465ee728b)
Start importing Assets/SampleScenes/Textures/SwatchTurquoiseAlbedo.png using Guid(aeef8d0d4008dcd4eb547dcb8b92a9c8) Importer(815301076,1909f56bfc062723c751e8b465ee728b)  -> (artifact id: '2ebf116d77c4db4cdfe934ad5b4b0247') in 0.036521 seconds
  Import took 0.054340 seconds .

========================================================================
Received Import Request.
  Time since last request: 0.000368 seconds.
  path: Assets/SampleScenes/Textures/SwatchPinkAlbedo.png
  artifactKey: Guid(e573d986e51134d48b79cf2761ab65b4) Importer(815301076,1909f56bfc062723c751e8b465ee728b)
Start importing Assets/SampleScenes/Textures/SwatchPinkAlbedo.png using Guid(e573d986e51134d48b79cf2761ab65b4) Importer(815301076,1909f56bfc062723c751e8b465ee728b)  -> (artifact id: '631a10f5c429984bd23f72ef77ee7ad9') in 0.056674 seconds
  Import took 0.111628 seconds .

========================================================================
Received Import Request.
  Time since last request: 0.000346 seconds.
  path: Assets/SampleScenes/Textures/SwatchNavyDarkAlbedo.png
  artifactKey: Guid(b64756a3fbf7f7e42b02aa3aa8669374) Importer(815301076,1909f56bfc062723c751e8b465ee728b)
Start importing Assets/SampleScenes/Textures/SwatchNavyDarkAlbedo.png using Guid(b64756a3fbf7f7e42b02aa3aa8669374) Importer(815301076,1909f56bfc062723c751e8b465ee728b)  -> (artifact id: '2d4890109d7004ee4bd3bf33693e0ba9') in 0.014570 seconds
  Import took 0.033432 seconds .

========================================================================
Received Import Request.
  Time since last request: 0.000260 seconds.
  path: Assets/SampleScenes/Textures/SwatchWhiteAlbedo.png
  artifactKey: Guid(c798603beb3c1fc4a96620cf6b35cc32) Importer(815301076,1909f56bfc062723c751e8b465ee728b)
Start importing Assets/SampleScenes/Textures/SwatchWhiteAlbedo.png using Guid(c798603beb3c1fc4a96620cf6b35cc32) Importer(815301076,1909f56bfc062723c751e8b465ee728b)  -> (artifact id: '10abeba1e56fcf0d5c6405f54efb6620') in 0.016083 seconds
  Import took 0.019791 seconds .

========================================================================
Received Import Request.
  Time since last request: 0.000316 seconds.
  path: Assets/SampleScenes/Textures/SwatchYellowAlbedo.png
  artifactKey: Guid(82e9fd4029ec6cc40b9301835032532f) Importer(815301076,1909f56bfc062723c751e8b465ee728b)
Start importing Assets/SampleScenes/Textures/SwatchYellowAlbedo.png using Guid(82e9fd4029ec6cc40b9301835032532f) Importer(815301076,1909f56bfc062723c751e8b465ee728b)  -> (artifact id: '7debfad656254ae3e311e632201f712b') in 0.015735 seconds
  Import took 0.089099 seconds .

========================================================================
Received Import Request.
  Time since last request: 317.406167 seconds.
  path: Packages/com.unity.collab-proxy/Editor/Assets/Icons/added-file-dark.png
  artifactKey: Guid(1a4f52b613391cd449af3ad2e44affeb) Importer(815301076,1909f56bfc062723c751e8b465ee728b)
Start importing Packages/com.unity.collab-proxy/Editor/Assets/Icons/added-file-dark.png using Guid(1a4f52b613391cd449af3ad2e44affeb) Importer(815301076,1909f56bfc062723c751e8b465ee728b)  -> (artifact id: '78de48cf74add1ff0f08c5f6b7680c09') in 0.075957 seconds
  Import took 0.144932 seconds .

========================================================================
Received Import Request.
  Time since last request: 0.000339 seconds.
  path: Packages/com.unity.collab-proxy/Editor/Assets/Icons/added-file-light@2x.png
  artifactKey: Guid(ec2e3aa6d0ab8ce4eac29b56d65d61d5) Importer(815301076,1909f56bfc062723c751e8b465ee728b)
Start importing Packages/com.unity.collab-proxy/Editor/Assets/Icons/added-file-light@2x.png using Guid(ec2e3aa6d0ab8ce4eac29b56d65d61d5) Importer(815301076,1909f56bfc062723c751e8b465ee728b)  -> (artifact id: 'ff0504de9ec38ecb6225f89e419b2a34') in 0.028191 seconds
  Import took 0.030586 seconds .

========================================================================
Received Import Request.
  Time since last request: 0.000366 seconds.
  path: Packages/com.unity.collab-proxy/Editor/Assets/Icons/added-file-dark.png
  artifactKey: Guid(1a4f52b613391cd449af3ad2e44affeb) Importer(815301076,1909f56bfc062723c751e8b465ee728b)
Start importing Packages/com.unity.collab-proxy/Editor/Assets/Icons/added-file-dark.png using Guid(1a4f52b613391cd449af3ad2e44affeb) Importer(815301076,1909f56bfc062723c751e8b465ee728b)  -> (artifact id: '78de48cf74add1ff0f08c5f6b7680c09') in 0.007211 seconds
  Import took 0.009607 seconds .

========================================================================
Received Import Request.
  Time since last request: 0.000214 seconds.
  path: Packages/com.unity.collab-proxy/Editor/Assets/Icons/added-file-light.png
  artifactKey: Guid(397fff6c3885f8343bb65714f0064b5d) Importer(815301076,1909f56bfc062723c751e8b465ee728b)
Start importing Packages/com.unity.collab-proxy/Editor/Assets/Icons/added-file-light.png using Guid(397fff6c3885f8343bb65714f0064b5d) Importer(815301076,1909f56bfc062723c751e8b465ee728b)  -> (artifact id: '832141665b5ade725d9c0c521e470a96') in 0.038894 seconds
  Import took 0.059424 seconds .

========================================================================
Received Import Request.
  Time since last request: 123.051360 seconds.
  path: Assets/Scripts/AntennaController.cs
  artifactKey: Guid(5e787e55ec0eec04fb6d6c8e5f7e9cd4) Importer(815301076,1909f56bfc062723c751e8b465ee728b)
Start importing Assets/Scripts/AntennaController.cs using Guid(5e787e55ec0eec04fb6d6c8e5f7e9cd4) Importer(815301076,1909f56bfc062723c751e8b465ee728b)  -> (artifact id: 'f798413717a60d0240ec800617297972') in 0.016397 seconds
  Import took 0.309886 seconds .

========================================================================
Received Import Request.
  Time since last request: 4.801170 seconds.
  path: Assets/Scripts/AudioControl.cs
  artifactKey: Guid(b1aea294950dd5d44a25f210f2049d49) Importer(815301076,1909f56bfc062723c751e8b465ee728b)
Start importing Assets/Scripts/AudioControl.cs using Guid(b1aea294950dd5d44a25f210f2049d49) Importer(815301076,1909f56bfc062723c751e8b465ee728b)  -> (artifact id: 'df2f55f3aab23970075a4596c115564a') in 0.005735 seconds
  Import took 0.044746 seconds .

========================================================================
Received Import Request.
  Time since last request: 0.815522 seconds.
  path: Assets/Scripts/CamAngle.cs
  artifactKey: Guid(3480dbdd7671e6646ae60ac675260767) Importer(815301076,1909f56bfc062723c751e8b465ee728b)
Start importing Assets/Scripts/CamAngle.cs using Guid(3480dbdd7671e6646ae60ac675260767) Importer(815301076,1909f56bfc062723c751e8b465ee728b)  -> (artifact id: 'f39c86b275bf29402cd9423d820373cc') in 0.005891 seconds
  Import took 0.033206 seconds .

========================================================================
Received Import Request.
  Time since last request: 0.971218 seconds.
  path: Assets/Scripts/Camchanger.cs
  artifactKey: Guid(2256b509240308c4bb0fa39371aafbef) Importer(815301076,1909f56bfc062723c751e8b465ee728b)
Start importing Assets/Scripts/Camchanger.cs using Guid(2256b509240308c4bb0fa39371aafbef) Importer(815301076,1909f56bfc062723c751e8b465ee728b)  -> (artifact id: 'd1b535e8b12c7b14b5932bef046d85ae') in 0.006175 seconds
  Import took 0.044675 seconds .

========================================================================
Received Import Request.
  Time since last request: 0.676130 seconds.
  path: Assets/Scripts/CamShift.cs
  artifactKey: Guid(24e35a78a3b92d6479c9b8b6e7136194) Importer(815301076,1909f56bfc062723c751e8b465ee728b)
Start importing Assets/Scripts/CamShift.cs using Guid(24e35a78a3b92d6479c9b8b6e7136194) Importer(815301076,1909f56bfc062723c751e8b465ee728b)  -> (artifact id: '7c84fad9e5577ee344b259a7606329ed') in 0.005999 seconds
  Import took 0.047085 seconds .

========================================================================
Received Import Request.
  Time since last request: 5.391132 seconds.
  path: Assets/Scripts/CamTest.cs
  artifactKey: Guid(a124111929143524a94ea8c62036361c) Importer(815301076,1909f56bfc062723c751e8b465ee728b)
Start importing Assets/Scripts/CamTest.cs using Guid(a124111929143524a94ea8c62036361c) Importer(815301076,1909f56bfc062723c751e8b465ee728b)  -> (artifact id: '3a91550b09fc1cdd8c487e30744da57a') in 0.005942 seconds
  Import took 0.008161 seconds .

========================================================================
Received Import Request.
  Time since last request: 1.395429 seconds.
  path: Assets/Scripts/CharBall.cs
  artifactKey: Guid(07d15ef3ada3a704a916e13b4e4b7e42) Importer(815301076,1909f56bfc062723c751e8b465ee728b)
Start importing Assets/Scripts/CharBall.cs using Guid(07d15ef3ada3a704a916e13b4e4b7e42) Importer(815301076,1909f56bfc062723c751e8b465ee728b)  -> (artifact id: '180b203877c718b2a2853bc567eacd6c') in 0.005410 seconds
  Import took 0.007695 seconds .

========================================================================
Received Import Request.
  Time since last request: 30.118386 seconds.
  path: Assets/Scripts/ContRover1.cs
  artifactKey: Guid(555bc97136ef72f43ab13621ef161d59) Importer(815301076,1909f56bfc062723c751e8b465ee728b)
Start importing Assets/Scripts/ContRover1.cs using Guid(555bc97136ef72f43ab13621ef161d59) Importer(815301076,1909f56bfc062723c751e8b465ee728b)  -> (artifact id: '8b71924806bd6a8abf7cc093c473b8d0') in 0.005635 seconds
  Import took 0.328447 seconds .

========================================================================
Received Import Request.
  Time since last request: 0.946184 seconds.
  path: Assets/Scripts/DoorAnimation.cs
  artifactKey: Guid(dbffb0de4395a334c8b6c21a839414ab) Importer(815301076,1909f56bfc062723c751e8b465ee728b)
Start importing Assets/Scripts/DoorAnimation.cs using Guid(dbffb0de4395a334c8b6c21a839414ab) Importer(815301076,1909f56bfc062723c751e8b465ee728b)  -> (artifact id: '34cc475c790e879761fcefb02ce9137f') in 0.006951 seconds
  Import took 0.008998 seconds .

========================================================================
Received Import Request.
  Time since last request: 2.588967 seconds.
  path: Assets/Scripts/StoneCreat.cs
  artifactKey: Guid(502d8355458356741b1849da5debe6e5) Importer(815301076,1909f56bfc062723c751e8b465ee728b)
Start importing Assets/Scripts/StoneCreat.cs using Guid(502d8355458356741b1849da5debe6e5) Importer(815301076,1909f56bfc062723c751e8b465ee728b)  -> (artifact id: '748b2849efc3597060417e03124877e9') in 0.007554 seconds
  Import took 0.099325 seconds .

========================================================================
Received Import Request.
  Time since last request: 0.324199 seconds.
  path: Assets/Scripts/StonePicker.cs
  artifactKey: Guid(5b0aeb8379b4cd345b4ec3ae696413c8) Importer(815301076,1909f56bfc062723c751e8b465ee728b)
Start importing Assets/Scripts/StonePicker.cs using Guid(5b0aeb8379b4cd345b4ec3ae696413c8) Importer(815301076,1909f56bfc062723c751e8b465ee728b)  -> (artifact id: '3675d46ca163c01bac5af99595b605f3') in 0.005470 seconds
  Import took 0.007717 seconds .

========================================================================
Received Import Request.
  Time since last request: 33.966615 seconds.
  path: Assets/Scripts/SunMovement.cs
  artifactKey: Guid(90b21ef83782bcb4aab5da7b3645cbc5) Importer(815301076,1909f56bfc062723c751e8b465ee728b)
Start importing Assets/Scripts/SunMovement.cs using Guid(90b21ef83782bcb4aab5da7b3645cbc5) Importer(815301076,1909f56bfc062723c751e8b465ee728b)  -> (artifact id: '014fff6bd6a78759e75936aadb710b1e') in 0.006027 seconds
  Import took 0.054989 seconds .

========================================================================
Received Import Request.
  Time since last request: 9.787022 seconds.
  path: Assets/Scripts/vidController.cs
  artifactKey: Guid(6335e107ab131e64fae7fb5fc6a585e7) Importer(815301076,1909f56bfc062723c751e8b465ee728b)
Start importing Assets/Scripts/vidController.cs using Guid(6335e107ab131e64fae7fb5fc6a585e7) Importer(815301076,1909f56bfc062723c751e8b465ee728b)  -> (artifact id: '9187a55ca67844a88ac9d767d2b0a3e2') in 0.006021 seconds
  Import took 0.044375 seconds .

========================================================================
Received Import Request.
  Time since last request: 4.159585 seconds.
  path: Assets/Scripts/windMill.cs
  artifactKey: Guid(db918015047094c4ba5d6991a108b0d1) Importer(815301076,1909f56bfc062723c751e8b465ee728b)
Start importing Assets/Scripts/windMill.cs using Guid(db918015047094c4ba5d6991a108b0d1) Importer(815301076,1909f56bfc062723c751e8b465ee728b)  -> (artifact id: 'c11c159a25b5095ee23ccd9716b41160') in 0.006729 seconds
  Import took 0.051608 seconds .

========================================================================
Received Import Request.
  Time since last request: 1.259281 seconds.
  path: Assets/Scripts/WindmillTurn.cs
  artifactKey: Guid(5337ae0272c32a7419a9527837297661) Importer(815301076,1909f56bfc062723c751e8b465ee728b)
Start importing Assets/Scripts/WindmillTurn.cs using Guid(5337ae0272c32a7419a9527837297661) Importer(815301076,1909f56bfc062723c751e8b465ee728b)  -> (artifact id: '941dd998576564826cd70e3a4e0462fd') in 0.005914 seconds
  Import took 0.046077 seconds .

========================================================================
Received Import Request.
  Time since last request: 179.397044 seconds.
  path: Assets/Animation/23podDoorLeft.controller
  artifactKey: Guid(6d96875e29e90cb4faf03e9c07fcd6ac) Importer(815301076,1909f56bfc062723c751e8b465ee728b)
Start importing Assets/Animation/23podDoorLeft.controller using Guid(6d96875e29e90cb4faf03e9c07fcd6ac) Importer(815301076,1909f56bfc062723c751e8b465ee728b)  -> (artifact id: 'bc97fde85cb4a2b70c84d9a4e8ef03b5') in 0.021923 seconds
  Import took 0.024078 seconds .

AssetImportWorkerClient::OnTransportError - code=2 error=End of file
